

Running Cronjob at: 2023-04-20 09:55:01.643114


Running Cronjob at: 2023-04-20 09:56:01.818281


Running Cronjob at: 2023-04-20 09:57:01.961396


Running Cronjob at: 2023-04-20 09:58:02.097115


Running Cronjob at: 2023-04-20 09:59:01.248698


Running Cronjob at: 2023-04-20 10:00:01.389248


Running Cronjob at: 2023-04-20 10:01:01.520788


Running Cronjob at: 2023-04-20 10:02:01.659242


Running Cronjob at: 2023-04-20 10:03:01.790029


Running Cronjob at: 2023-04-20 10:04:01.901482


Running Cronjob at: 2023-04-20 10:05:02.025637


Running Cronjob at: 2023-04-20 10:06:01.191924


Running Cronjob at: 2023-04-20 10:07:01.302784


Running Cronjob at: 2023-04-20 10:08:01.456194


Running Cronjob at: 2023-04-20 10:09:01.599082


Running Cronjob at: 2023-04-20 10:10:01.722896


Running Cronjob at: 2023-04-20 10:11:01.852568


Running Cronjob at: 2023-04-20 10:12:01.972672


Running Cronjob at: 2023-04-20 10:13:02.103503


Running Cronjob at: 2023-04-20 10:14:01.237240


Running Cronjob at: 2023-04-20 10:15:01.357218


Running Cronjob at: 2023-04-20 10:16:01.480410


Running Cronjob at: 2023-04-20 10:17:01.607667


Running Cronjob at: 2023-04-20 10:18:01.732577


Running Cronjob at: 2023-04-20 10:19:01.848694


Running Cronjob at: 2023-04-20 10:20:01.985543


Running Cronjob at: 2023-04-20 10:21:01.167476


Running Cronjob at: 2023-04-20 10:22:01.308076


Running Cronjob at: 2023-04-20 10:23:01.459631


Running Cronjob at: 2023-04-20 10:24:01.607280


Running Cronjob at: 2023-04-20 10:25:01.727669


Running Cronjob at: 2023-04-20 10:26:01.854714


Running Cronjob at: 2023-04-20 10:27:01.980538


Running Cronjob at: 2023-04-20 10:28:02.100584


Running Cronjob at: 2023-04-20 10:29:01.244645


Running Cronjob at: 2023-04-20 10:30:01.421966


Running Cronjob at: 2023-04-20 10:31:01.635959


Running Cronjob at: 2023-04-20 10:32:01.761916


Running Cronjob at: 2023-04-20 10:33:01.882238


Running Cronjob at: 2023-04-20 10:34:02.030401


Running Cronjob at: 2023-04-20 10:35:01.185319


Running Cronjob at: 2023-04-20 10:36:01.319830


Running Cronjob at: 2023-04-20 10:37:01.456247


Running Cronjob at: 2023-04-20 10:38:01.644549


Running Cronjob at: 2023-04-20 10:39:01.815186


Running Cronjob at: 2023-04-20 10:40:01.955042
('9BA3F7574DABA201',)
('CC3C11EB742DE4D1',)
kicked two for exceeding daily volume


Running Cronjob at: 2023-04-20 10:41:01.149580
('9BA3F7574DABA201',)
('CC3C11EB742DE4D1',)
kicked two for exceeding daily volume


Running Cronjob at: 2023-04-20 10:42:01.423041
('9BA3F7574DABA201',)
('CC3C11EB742DE4D1',)
kicked two for exceeding daily volume


Running Cronjob at: 2023-04-20 10:43:01.666759
('9BA3F7574DABA201',)
('CC3C11EB742DE4D1',)
kicked two for exceeding daily volume
('1B3EB70613C56A0A',)
kicked three for exceeding daily session time


Running Cronjob at: 2023-04-20 10:44:01.996781
('9BA3F7574DABA201',)
('CC3C11EB742DE4D1',)
kicked two for exceeding daily volume
('1B3EB70613C56A0A',)
kicked three for exceeding daily session time


Running Cronjob at: 2023-04-20 10:45:01.306762
('9BA3F7574DABA201',)
('CC3C11EB742DE4D1',)
kicked two for exceeding daily volume
('1B3EB70613C56A0A',)
kicked three for exceeding daily session time


Running Cronjob at: 2023-04-20 10:46:01.684999
('9BA3F7574DABA201',)
('CC3C11EB742DE4D1',)
kicked two for exceeding daily volume
('1B3EB70613C56A0A',)
kicked three for exceeding daily session time


Running Cronjob at: 2023-04-23 21:07:18.679289


Running Cronjob at: 2023-04-23 21:08:01.847096


Running Cronjob at: 2023-04-23 21:09:01.982237


Running Cronjob at: 2023-04-23 21:10:01.132947


Running Cronjob at: 2023-04-23 21:11:01.284042


Running Cronjob at: 2023-04-23 21:12:01.426641


Running Cronjob at: 2023-04-23 21:13:01.564771


Running Cronjob at: 2023-04-23 21:14:01.704891


Running Cronjob at: 2023-04-23 21:15:02.056963


Running Cronjob at: 2023-04-23 21:16:01.212549


Running Cronjob at: 2023-04-23 21:17:01.337762


Running Cronjob at: 2023-04-23 21:18:01.470478


Running Cronjob at: 2023-04-23 21:19:01.605045


Running Cronjob at: 2023-04-23 21:20:01.753208


Running Cronjob at: 2023-04-23 21:21:01.900804


Running Cronjob at: 2023-04-23 21:22:02.029537


Running Cronjob at: 2023-04-23 21:23:01.153733


Running Cronjob at: 2023-04-23 21:24:01.277082


Running Cronjob at: 2023-04-23 21:25:01.485980


Running Cronjob at: 2023-04-23 21:26:01.651204


Running Cronjob at: 2023-04-23 21:27:01.801741


Running Cronjob at: 2023-04-23 21:28:01.937670


Running Cronjob at: 2023-04-23 21:29:02.109612


Running Cronjob at: 2023-04-23 21:30:01.264119


Running Cronjob at: 2023-04-23 21:31:01.427047
